<?xml version="1.0" encoding="UTF-8"?>
<!-- Generated by org.testng.reporters.JUnitXMLReporter -->
<testsuite ignored="3" hostname="LAPTOP-NTIC0IO9" failures="0" tests="3" name="Test" time="0.059" errors="0" timestamp="2022-09-04T09:25:12 IST">
  <testcase classname="test.LoanTest" name="HomeLoanTest" time="0.004"/>
  <testcase classname="test.LoanTest" name="PersonalLoanTest1" time="0.001"/>
  <testcase classname="test.LoanTest" name="PersonalLoanTest" time="0.001"/>
  <testcase classname="test.CardTest" name="Card" time="0.0">
    <ignored/>
  </testcase> <!-- Card -->
  <testcase classname="test.BaseClass" name="@AfterTest method4" time="0.0">
    <ignored/>
  </testcase> <!-- @AfterTest method4 -->
  <testcase classname="test.BaseClass" name="@BeforeTest method3" time="0.0">
    <ignored/>
  </testcase> <!-- @BeforeTest method3 -->
</testsuite> <!-- Test -->
