<?xml version="1.0" encoding="UTF-8"?>
<testng-results ignored="3" total="6" passed="3" failed="0" skipped="0">
  <reporter-output>
  </reporter-output>
  <suite started-at="2022-09-04T09:25:12 IST" name="Suite" finished-at="2022-09-04T09:25:12 IST" duration-ms="59">
    <groups>
      <group name="regression">
        <method signature="LoanTest.HomeLoanTest()[pri:0, instance:test.LoanTest@272ed83b]" name="HomeLoanTest" class="test.LoanTest"/>
        <method signature="LoanTest.PersonalLoanTest()[pri:1, instance:test.LoanTest@272ed83b]" name="PersonalLoanTest" class="test.LoanTest"/>
        <method signature="LoanTest.PersonalLoanTest1()[pri:0, instance:test.LoanTest@272ed83b]" name="PersonalLoanTest1" class="test.LoanTest"/>
      </group> <!-- regression -->
    </groups>
    <test started-at="2022-09-04T09:25:12 IST" name="Test" finished-at="2022-09-04T09:25:12 IST" duration-ms="59">
      <class name="test.LoanTest">
        <test-method is-config="true" signature="method3()[pri:0, instance:test.LoanTest@272ed83b]" started-at="2022-09-04T09:25:12 IST" name="method3" finished-at="2022-09-04T09:25:12 IST" duration-ms="6" status="PASS">
          <reporter-output>
          </reporter-output>
        </test-method> <!-- method3 -->
        <test-method is-config="true" signature="method1()[pri:0, instance:test.LoanTest@272ed83b]" started-at="2022-09-04T09:25:12 IST" name="method1" finished-at="2022-09-04T09:25:12 IST" duration-ms="0" status="PASS">
          <reporter-output>
          </reporter-output>
        </test-method> <!-- method1 -->
        <test-method signature="HomeLoanTest()[pri:0, instance:test.LoanTest@272ed83b]" started-at="2022-09-04T09:25:12 IST" name="HomeLoanTest" finished-at="2022-09-04T09:25:12 IST" duration-ms="4" status="PASS">
          <reporter-output>
          </reporter-output>
        </test-method> <!-- HomeLoanTest -->
        <test-method is-config="true" signature="method2()[pri:0, instance:test.LoanTest@272ed83b]" started-at="2022-09-04T09:25:12 IST" name="method2" finished-at="2022-09-04T09:25:12 IST" duration-ms="1" status="PASS">
          <reporter-output>
          </reporter-output>
        </test-method> <!-- method2 -->
        <test-method is-config="true" signature="method1()[pri:0, instance:test.LoanTest@272ed83b]" started-at="2022-09-04T09:25:12 IST" name="method1" finished-at="2022-09-04T09:25:12 IST" duration-ms="1" status="PASS">
          <reporter-output>
          </reporter-output>
        </test-method> <!-- method1 -->
        <test-method signature="PersonalLoanTest1()[pri:0, instance:test.LoanTest@272ed83b]" started-at="2022-09-04T09:25:12 IST" name="PersonalLoanTest1" finished-at="2022-09-04T09:25:12 IST" duration-ms="1" status="PASS">
          <reporter-output>
          </reporter-output>
        </test-method> <!-- PersonalLoanTest1 -->
        <test-method is-config="true" signature="method2()[pri:0, instance:test.LoanTest@272ed83b]" started-at="2022-09-04T09:25:12 IST" name="method2" finished-at="2022-09-04T09:25:12 IST" duration-ms="1" status="PASS">
          <reporter-output>
          </reporter-output>
        </test-method> <!-- method2 -->
        <test-method is-config="true" signature="method1()[pri:0, instance:test.LoanTest@272ed83b]" started-at="2022-09-04T09:25:12 IST" name="method1" finished-at="2022-09-04T09:25:12 IST" duration-ms="1" status="PASS">
          <reporter-output>
          </reporter-output>
        </test-method> <!-- method1 -->
        <test-method signature="PersonalLoanTest()[pri:1, instance:test.LoanTest@272ed83b]" started-at="2022-09-04T09:25:12 IST" name="PersonalLoanTest" finished-at="2022-09-04T09:25:12 IST" duration-ms="1" status="PASS">
          <reporter-output>
          </reporter-output>
        </test-method> <!-- PersonalLoanTest -->
        <test-method is-config="true" signature="method2()[pri:0, instance:test.LoanTest@272ed83b]" started-at="2022-09-04T09:25:12 IST" name="method2" finished-at="2022-09-04T09:25:12 IST" duration-ms="0" status="PASS">
          <reporter-output>
          </reporter-output>
        </test-method> <!-- method2 -->
        <test-method is-config="true" signature="method4()[pri:0, instance:test.LoanTest@272ed83b]" started-at="2022-09-04T09:25:12 IST" name="method4" finished-at="2022-09-04T09:25:12 IST" duration-ms="0" status="PASS">
          <reporter-output>
          </reporter-output>
        </test-method> <!-- method4 -->
      </class> <!-- test.LoanTest -->
    </test> <!-- Test -->
  </suite> <!-- Suite -->
</testng-results>
